<?xml version="1.0" encoding="UTF-8"?>
<!-- Generated by org.testng.reporters.JUnitReportReporter -->
<testsuite skipped="0" hostname="sujji" name="com.espn.test.FirstTestCase" tests="1" failures="0" timestamp="09 Oct 2017 17:03:48 GMT" time="18.710" errors="0">
  <testcase name="browserInvoke" time="18.710" classname="com.espn.test.FirstTestCase"/>
</testsuite> <!-- com.espn.test.FirstTestCase -->
