<?xml version="1.0" encoding="UTF-8"?>
<!-- Generated by org.testng.reporters.JUnitReportReporter -->
<testsuite skipped="0" hostname="sujji" name="com.espn.EspnTest.Facebook" tests="1" failures="0" timestamp="09 Oct 2017 23:07:34 GMT" time="38.921" errors="0">
  <testcase name="login" time="38.921" classname="com.espn.EspnTest.Facebook"/>
</testsuite> <!-- com.espn.EspnTest.Facebook -->
