<?xml version="1.0" encoding="UTF-8"?>
<!-- Generated by org.testng.reporters.JUnitReportReporter -->
<testsuite skipped="0" hostname="sujji" name="com.espn.EspnTest.Amazon" tests="1" failures="0" timestamp="10 Oct 2017 04:39:11 GMT" time="13.747" errors="0">
  <testcase name="search" time="13.747" classname="com.espn.EspnTest.Amazon"/>
</testsuite> <!-- com.espn.EspnTest.Amazon -->
